# JRE version: Java(TM) SE Runtime Environment (8.0_162-b12) (build 1.8.0_162-b12)
# Java VM: Java HotSpot(TM) 64-Bit Server VM (25.162-b12 mixed mode windows-amd64 compressed oops)
Heap:
 PSYoungGen      total 139776K, used 73197K [0x000000076c580000, 0x0000000775880000, 0x00000007c0000000)
  eden space 129024K, 48% used [0x000000076c580000,0x000000077027d1f8,0x0000000774380000)
  from space 10752K, 99% used [0x0000000774380000,0x0000000774dfe550,0x0000000774e00000)
  to   space 10752K, 0% used [0x0000000774e00000,0x0000000774e00000,0x0000000775880000)
 ParOldGen       total 140800K, used 49344K [0x00000006c5000000, 0x00000006cd980000, 0x000000076c580000)
  object space 140800K, 35% used [0x00000006c5000000,0x00000006c8030200,0x00000006cd980000)
 Metaspace       used 26514K, capacity 27094K, committed 27312K, reserved 1073152K
  class space    used 2989K, capacity 3184K, committed 3248K, reserved 1048576K
GC Heap History (10 events):
Event: 3.080 GC heap before
{Heap before GC invocations=4 (full 0):
 PSYoungGen      total 75264K, used 75256K [0x000000076c580000, 0x0000000775880000, 0x00000007c0000000)
  eden space 64512K, 100% used [0x000000076c580000,0x0000000770480000,0x0000000770480000)
  from space 10752K, 99% used [0x0000000770480000,0x0000000770efe030,0x0000000770f00000)
  to   space 10752K, 0% used [0x0000000774e00000,0x0000000774e00000,0x0000000775880000)
 ParOldGen       total 172032K, used 7656K [0x00000006c5000000, 0x00000006cf800000, 0x000000076c580000)
  object space 172032K, 4% used [0x00000006c5000000,0x00000006c577a260,0x00000006cf800000)
 Metaspace       used 15975K, capacity 16274K, committed 16384K, reserved 1062912K
  class space    used 1875K, capacity 1951K, committed 2048K, reserved 1048576K
Event: 3.105 GC heap after
Heap after GC invocations=4 (full 0):
 PSYoungGen      total 139776K, used 10728K [0x000000076c580000, 0x0000000775880000, 0x00000007c0000000)
  eden space 129024K, 0% used [0x000000076c580000,0x000000076c580000,0x0000000774380000)
  from space 10752K, 99% used [0x0000000774e00000,0x000000077587a040,0x0000000775880000)
  to   space 10752K, 0% used [0x0000000774380000,0x0000000774380000,0x0000000774e00000)
 ParOldGen       total 172032K, used 14502K [0x00000006c5000000, 0x00000006cf800000, 0x000000076c580000)
  object space 172032K, 8% used [0x00000006c5000000,0x00000006c5e29a08,0x00000006cf800000)
 Metaspace       used 15975K, capacity 16274K, committed 16384K, reserved 1062912K
  class space    used 1875K, capacity 1951K, committed 2048K, reserved 1048576K
}
Event: 4.331 GC heap before
{Heap before GC invocations=5 (full 0):
 PSYoungGen      total 139776K, used 139752K [0x000000076c580000, 0x0000000775880000, 0x00000007c0000000)
  eden space 129024K, 100% used [0x000000076c580000,0x0000000774380000,0x0000000774380000)
  from space 10752K, 99% used [0x0000000774e00000,0x000000077587a040,0x0000000775880000)
  to   space 10752K, 0% used [0x0000000774380000,0x0000000774380000,0x0000000774e00000)
 ParOldGen       total 172032K, used 14502K [0x00000006c5000000, 0x00000006cf800000, 0x000000076c580000)
  object space 172032K, 8% used [0x00000006c5000000,0x00000006c5e29a08,0x00000006cf800000)
 Metaspace       used 17202K, capacity 17568K, committed 17792K, reserved 1064960K
  class space    used 1983K, capacity 2063K, committed 2176K, reserved 1048576K
Event: 4.404 GC heap after
Heap after GC invocations=5 (full 0):
 PSYoungGen      total 139776K, used 10744K [0x000000076c580000, 0x0000000775880000, 0x00000007c0000000)
  eden space 129024K, 0% used [0x000000076c580000,0x000000076c580000,0x0000000774380000)
  from space 10752K, 99% used [0x0000000774380000,0x0000000774dfe030,0x0000000774e00000)
  to   space 10752K, 0% used [0x0000000774e00000,0x0000000774e00000,0x0000000775880000)
 ParOldGen       total 172032K, used 26101K [0x00000006c5000000, 0x00000006cf800000, 0x000000076c580000)
  object space 172032K, 15% used [0x00000006c5000000,0x00000006c697d528,0x00000006cf800000)
 Metaspace       used 17202K, capacity 17568K, committed 17792K, reserved 1064960K
  class space    used 1983K, capacity 2063K, committed 2176K, reserved 1048576K
}
Event: 4.809 GC heap before
{Heap before GC invocations=6 (full 0):
 PSYoungGen      total 139776K, used 36662K [0x000000076c580000, 0x0000000775880000, 0x00000007c0000000)
  eden space 129024K, 20% used [0x000000076c580000,0x000000076decfb60,0x0000000774380000)
  from space 10752K, 99% used [0x0000000774380000,0x0000000774dfe030,0x0000000774e00000)
  to   space 10752K, 0% used [0x0000000774e00000,0x0000000774e00000,0x0000000775880000)
 ParOldGen       total 172032K, used 26101K [0x00000006c5000000, 0x00000006cf800000, 0x000000076c580000)
  object space 172032K, 15% used [0x00000006c5000000,0x00000006c697d528,0x00000006cf800000)
 Metaspace       used 20769K, capacity 21238K, committed 21296K, reserved 1069056K
  class space    used 2466K, capacity 2585K, committed 2608K, reserved 1048576K
Event: 4.845 GC heap after
Heap after GC invocations=6 (full 0):
 PSYoungGen      total 139776K, used 10728K [0x000000076c580000, 0x0000000775880000, 0x00000007c0000000)
  eden space 129024K, 0% used [0x000000076c580000,0x000000076c580000,0x0000000774380000)
  from space 10752K, 99% used [0x0000000774e00000,0x000000077587a020,0x0000000775880000)
  to   space 10752K, 0% used [0x0000000774380000,0x0000000774380000,0x0000000774e00000)
 ParOldGen       total 172032K, used 27752K [0x00000006c5000000, 0x00000006cf800000, 0x000000076c580000)
  object space 172032K, 16% used [0x00000006c5000000,0x00000006c6b1a2a8,0x00000006cf800000)
 Metaspace       used 20769K, capacity 21238K, committed 21296K, reserved 1069056K
  class space    used 2466K, capacity 2585K, committed 2608K, reserved 1048576K
}
Event: 4.845 GC heap before
{Heap before GC invocations=7 (full 1):
 PSYoungGen      total 139776K, used 10728K [0x000000076c580000, 0x0000000775880000, 0x00000007c0000000)
  eden space 129024K, 0% used [0x000000076c580000,0x000000076c580000,0x0000000774380000)
  from space 10752K, 99% used [0x0000000774e00000,0x000000077587a020,0x0000000775880000)
  to   space 10752K, 0% used [0x0000000774380000,0x0000000774380000,0x0000000774e00000)
 ParOldGen       total 172032K, used 27752K [0x00000006c5000000, 0x00000006cf800000, 0x000000076c580000)
  object space 172032K, 16% used [0x00000006c5000000,0x00000006c6b1a2a8,0x00000006cf800000)
 Metaspace       used 20769K, capacity 21238K, committed 21296K, reserved 1069056K
  class space    used 2466K, capacity 2585K, committed 2608K, reserved 1048576K
Event: 5.028 GC heap after
Heap after GC invocations=7 (full 1):
 PSYoungGen      total 139776K, used 0K [0x000000076c580000, 0x0000000775880000, 0x00000007c0000000)
  eden space 129024K, 0% used [0x000000076c580000,0x000000076c580000,0x0000000774380000)
  from space 10752K, 0% used [0x0000000774e00000,0x0000000774e00000,0x0000000775880000)
  to   space 10752K, 0% used [0x0000000774380000,0x0000000774380000,0x0000000774e00000)
 ParOldGen       total 140800K, used 33130K [0x00000006c5000000, 0x00000006cd980000, 0x000000076c580000)
  object space 140800K, 23% used [0x00000006c5000000,0x00000006c705a870,0x00000006cd980000)
 Metaspace       used 20769K, capacity 21238K, committed 21296K, reserved 1069056K
  class space    used 2466K, capacity 2585K, committed 2608K, reserved 1048576K
}
Event: 7.585 GC heap before
{Heap before GC invocations=8 (full 1):
 PSYoungGen      total 139776K, used 129024K [0x000000076c580000, 0x0000000775880000, 0x00000007c0000000)
  eden space 129024K, 100% used [0x000000076c580000,0x0000000774380000,0x0000000774380000)
  from space 10752K, 0% used [0x0000000774e00000,0x0000000774e00000,0x0000000775880000)
  to   space 10752K, 0% used [0x0000000774380000,0x0000000774380000,0x0000000774e00000)
 ParOldGen       total 140800K, used 33130K [0x00000006c5000000, 0x00000006cd980000, 0x000000076c580000)
  object space 140800K, 23% used [0x00000006c5000000,0x00000006c705a870,0x00000006cd980000)
 Metaspace       used 24033K, capacity 24534K, committed 24624K, reserved 1071104K
  class space    used 2684K, capacity 2809K, committed 2864K, reserved 1048576K
Event: 7.608 GC heap after
Heap after GC invocations=8 (full 1):
 PSYoungGen      total 139776K, used 10745K [0x000000076c580000, 0x0000000775880000, 0x00000007c0000000)
  eden space 129024K, 0% used [0x000000076c580000,0x000000076c580000,0x0000000774380000)
  from space 10752K, 99% used [0x0000000774380000,0x0000000774dfe550,0x0000000774e00000)
  to   space 10752K, 0% used [0x0000000774e00000,0x0000000774e00000,0x0000000775880000)
 ParOldGen       total 140800K, used 49344K [0x00000006c5000000, 0x00000006cd980000, 0x000000076c580000)
  object space 140800K, 35% used [0x00000006c5000000,0x00000006c8030200,0x00000006cd980000)
 Metaspace       used 24033K, capacity 24534K, committed 24624K, reserved 1071104K
  class space    used 2684K, capacity 2809K, committed 2864K, reserved 1048576K
}

